[     555ms] Error: Hydration failed because the server rendered HTML didn't match the client. As a result this tree will be regenerated on the client. This can happen if a SSR-ed Client Component used:

- A server/client branch `if (typeof window !== 'undefined')`.
- Variable input such as `Date.now()` or `Math.random()` which changes each time it's called.
- Date formatting in a user's locale which doesn't match the server.
- External changing data without sending a snapshot of it along with the HTML.
- Invalid HTML tag nesting.

It can also happen if the client has a browser extension installed which messes with the HTML before React loaded.

https://react.dev/link/hydration-mismatch

  ...
    <LoadingBoundary name="/" loading={null}>
      <HTTPAccessFallbackBoundary notFound={<SegmentViewNode>} forbidden={undefined} unauthorized={undefined}>
        <HTTPAccessFallbackErrorBoundary pathname="/" notFound={<SegmentViewNode>} forbidden={undefined} ...>
          <RedirectBoundary>
            <RedirectErrorBoundary router={{...}}>
              <InnerLayoutRouter url="/" tree={[...]} params={{}} cacheNode={{rsc:<Fragment>, ...}} segmentPath={[...]} ...>
                <SegmentViewNode type="page" pagePath="page.tsx">
                  <SegmentTrieNode>
                  <Home>
                    <HomeWorkspace initialRecords={[...]} initialTotal={5} integrationSettings={{...}} ...>
                      <main className="min-h-scre...">
                        <div className="mx-auto gr...">
                          <aside className="hidden bor...">
                            <div className="sticky top...">
                              <div>
                              <nav className="flex-1 spa...">
                                <button
                                  type="button"
                                  onClick={function onClick}
+                                 className="flex w-full items-center gap-3 rounded-xl px-3 py-2.5 text-left transitio..."
-                                 className="flex w-full items-center gap-3 rounded-xl px-3 py-2.5 text-left transitio..."
                                >
                                <button>
                                <button>
                                <button
                                  type="button"
                                  onClick={function onClick}
+                                 className="flex w-full items-center gap-3 rounded-xl px-3 py-2.5 text-left transitio..."
-                                 className="flex w-full items-center gap-3 rounded-xl px-3 py-2.5 text-left transitio..."
                                >
                                ...
                              ...
                          <div className="min-w-0">
                            <header className="sticky top...">
                              <span>
                              <button
                                type="button"
                                onClick={function onClick}
+                               className="rounded-lg px-3 py-1.5 text-sm transition text-[var(--muted-strong)]"
-                               className="rounded-lg px-3 py-1.5 text-sm transition bg-[var(--foreground)] font-mediu..."
                              >
+                               开始记录
                              <button>
                              <button>
                              <button
                                type="button"
                                onClick={function onClick}
+                               className="rounded-lg px-3 py-1.5 text-sm transition bg-[var(--foreground)] font-mediu..."
-                               className="rounded-lg px-3 py-1.5 text-sm transition text-[var(--muted-strong)]"
                              >
+                               搜索
                              ...
                              ...
                            <div className="p-5 lg:p-8">
                              <SearchPanel>
+                               <div className="mx-auto max-w-3xl space-y-5">
-                               <button
-                                 type="button"
-                                 className="mb-6 flex w-full items-center gap-3 rounded-xl border border-[var(--line)..."
-                               >
                ...
              ...

    at throwOnHydrationMismatch (http://localhost:3000/_next/static/chunks/node_modules_next_dist_compiled_react-dom_1e674e59._.js:3348:56)
    at beginWork (http://localhost:3000/_next/static/chunks/node_modules_next_dist_compiled_react-dom_1e674e59._.js:6775:918)
    at runWithFiberInDEV (http://localhost:3000/_next/static/chunks/node_modules_next_dist_compiled_react-dom_1e674e59._.js:965:74)
    at performUnitOfWork (http://localhost:3000/_next/static/chunks/node_modules_next_dist_compiled_react-dom_1e674e59._.js:9562:97)
    at workLoopConcurrentByScheduler (http://localhost:3000/_next/static/chunks/node_modules_next_dist_compiled_react-dom_1e674e59._.js:9558:58)
    at renderRootConcurrent (http://localhost:3000/_next/static/chunks/node_modules_next_dist_compiled_react-dom_1e674e59._.js:9541:71)
    at performWorkOnRoot (http://localhost:3000/_next/static/chunks/node_modules_next_dist_compiled_react-dom_1e674e59._.js:9068:150)
    at performWorkOnRootViaSchedulerTask (http://localhost:3000/_next/static/chunks/node_modules_next_dist_compiled_react-dom_1e674e59._.js:10230:9)
    at MessagePort.performWorkUntilDeadline (http://localhost:3000/_next/static/chunks/node_modules_next_dist_compiled_a0e4c7b4._.js:2647:64)
