[  698936ms] TypeError: records.filter is not a function
    at HomeWorkspace.useMemo[filteredRecords] (http://localhost:3002/_next/static/chunks/src_de7dc922._.js:2593:28)
    at updateMemo (http://localhost:3002/_next/static/chunks/node_modules_next_dist_compiled_react-dom_1e674e59._.js:5444:21)
    at Object.useMemo (http://localhost:3002/_next/static/chunks/node_modules_next_dist_compiled_react-dom_1e674e59._.js:15255:24)
    at exports.useMemo (http://localhost:3002/_next/static/chunks/node_modules_next_dist_compiled_a0e4c7b4._.js:1742:36)
    at HomeWorkspace (http://localhost:3002/_next/static/chunks/src_de7dc922._.js:2591:202)
    at Object.react_stack_bottom_frame (http://localhost:3002/_next/static/chunks/node_modules_next_dist_compiled_react-dom_1e674e59._.js:14826:24)
    at renderWithHooks (http://localhost:3002/_next/static/chunks/node_modules_next_dist_compiled_react-dom_1e674e59._.js:4651:24)
    at updateFunctionComponent (http://localhost:3002/_next/static/chunks/node_modules_next_dist_compiled_react-dom_1e674e59._.js:6112:21)
    at beginWork (http://localhost:3002/_next/static/chunks/node_modules_next_dist_compiled_react-dom_1e674e59._.js:6708:24)
    at runWithFiberInDEV (http://localhost:3002/_next/static/chunks/node_modules_next_dist_compiled_react-dom_1e674e59._.js:965:74)
    at performUnitOfWork (http://localhost:3002/_next/static/chunks/node_modules_next_dist_compiled_react-dom_1e674e59._.js:9562:97)
    at workLoopSync (http://localhost:3002/_next/static/chunks/node_modules_next_dist_compiled_react-dom_1e674e59._.js:9456:40)
    at renderRootSync (http://localhost:3002/_next/static/chunks/node_modules_next_dist_compiled_react-dom_1e674e59._.js:9440:13)
    at performWorkOnRoot (http://localhost:3002/_next/static/chunks/node_modules_next_dist_compiled_react-dom_1e674e59._.js:9105:47)
    at performWorkOnRootViaSchedulerTask (http://localhost:3002/_next/static/chunks/node_modules_next_dist_compiled_react-dom_1e674e59._.js:10230:9)
    at MessagePort.performWorkUntilDeadline (http://localhost:3002/_next/static/chunks/node_modules_next_dist_compiled_a0e4c7b4._.js:2647:64)
[  710616ms] [ERROR] Failed to load resource: the server responded with a status of 500 (Internal Server Error) @ http://localhost:3002/:0
[  711034ms] TypeError: records.filter is not a function
    at HomeWorkspace.useMemo[filteredRecords] (http://localhost:3002/_next/static/chunks/src_de7dc922._.js:2593:28)
    at mountMemo (http://localhost:3002/_next/static/chunks/node_modules_next_dist_compiled_react-dom_1e674e59._.js:5424:25)
    at Object.useMemo (http://localhost:3002/_next/static/chunks/node_modules_next_dist_compiled_react-dom_1e674e59._.js:15003:24)
    at exports.useMemo (http://localhost:3002/_next/static/chunks/node_modules_next_dist_compiled_a0e4c7b4._.js:1742:36)
    at HomeWorkspace (http://localhost:3002/_next/static/chunks/src_de7dc922._.js:2591:202)
    at Object.react_stack_bottom_frame (http://localhost:3002/_next/static/chunks/node_modules_next_dist_compiled_react-dom_1e674e59._.js:14826:24)
    at renderWithHooks (http://localhost:3002/_next/static/chunks/node_modules_next_dist_compiled_react-dom_1e674e59._.js:4651:24)
    at updateFunctionComponent (http://localhost:3002/_next/static/chunks/node_modules_next_dist_compiled_react-dom_1e674e59._.js:6112:21)
    at beginWork (http://localhost:3002/_next/static/chunks/node_modules_next_dist_compiled_react-dom_1e674e59._.js:6687:639)
    at runWithFiberInDEV (http://localhost:3002/_next/static/chunks/node_modules_next_dist_compiled_react-dom_1e674e59._.js:965:74)
    at performUnitOfWork (http://localhost:3002/_next/static/chunks/node_modules_next_dist_compiled_react-dom_1e674e59._.js:9562:97)
    at workLoopSync (http://localhost:3002/_next/static/chunks/node_modules_next_dist_compiled_react-dom_1e674e59._.js:9456:40)
    at renderRootSync (http://localhost:3002/_next/static/chunks/node_modules_next_dist_compiled_react-dom_1e674e59._.js:9440:13)
    at performWorkOnRoot (http://localhost:3002/_next/static/chunks/node_modules_next_dist_compiled_react-dom_1e674e59._.js:9105:47)
    at performWorkOnRootViaSchedulerTask (http://localhost:3002/_next/static/chunks/node_modules_next_dist_compiled_react-dom_1e674e59._.js:10230:9)
    at MessagePort.performWorkUntilDeadline (http://localhost:3002/_next/static/chunks/node_modules_next_dist_compiled_a0e4c7b4._.js:2647:64)
[  714313ms] [WARNING] The resource http://localhost:3002/_next/static/chunks/src_app_globals_91e4631d.css was preloaded using link preload but not used within a few seconds from the window's load event. Please make sure it has an appropriate `as` value and it is preloaded intentionally. @ http://localhost:3002/:0
[  769882ms] [ERROR] Failed to load resource: the server responded with a status of 500 (Internal Server Error) @ http://localhost:3002/:0
[  770168ms] TypeError: Cannot read properties of undefined (reading '0')
    at HomeWorkspace (http://localhost:3002/_next/static/chunks/src_de7dc922._.js:2572:235)
    at Object.react_stack_bottom_frame (http://localhost:3002/_next/static/chunks/node_modules_next_dist_compiled_react-dom_1e674e59._.js:14826:24)
    at renderWithHooks (http://localhost:3002/_next/static/chunks/node_modules_next_dist_compiled_react-dom_1e674e59._.js:4651:24)
    at updateFunctionComponent (http://localhost:3002/_next/static/chunks/node_modules_next_dist_compiled_react-dom_1e674e59._.js:6112:21)
    at beginWork (http://localhost:3002/_next/static/chunks/node_modules_next_dist_compiled_react-dom_1e674e59._.js:6687:639)
    at runWithFiberInDEV (http://localhost:3002/_next/static/chunks/node_modules_next_dist_compiled_react-dom_1e674e59._.js:965:74)
    at performUnitOfWork (http://localhost:3002/_next/static/chunks/node_modules_next_dist_compiled_react-dom_1e674e59._.js:9562:97)
    at workLoopSync (http://localhost:3002/_next/static/chunks/node_modules_next_dist_compiled_react-dom_1e674e59._.js:9456:40)
    at renderRootSync (http://localhost:3002/_next/static/chunks/node_modules_next_dist_compiled_react-dom_1e674e59._.js:9440:13)
    at performWorkOnRoot (http://localhost:3002/_next/static/chunks/node_modules_next_dist_compiled_react-dom_1e674e59._.js:9105:47)
    at performWorkOnRootViaSchedulerTask (http://localhost:3002/_next/static/chunks/node_modules_next_dist_compiled_react-dom_1e674e59._.js:10230:9)
    at MessagePort.performWorkUntilDeadline (http://localhost:3002/_next/static/chunks/node_modules_next_dist_compiled_a0e4c7b4._.js:2647:64)
[  773215ms] [WARNING] The resource http://localhost:3002/_next/static/chunks/src_app_globals_91e4631d.css was preloaded using link preload but not used within a few seconds from the window's load event. Please make sure it has an appropriate `as` value and it is preloaded intentionally. @ http://localhost:3002/:0
[  848415ms] [WARNING] [Fast Refresh] performing full reload because your application had an unrecoverable error @ http://localhost:3002/_next/static/chunks/node_modules_next_dist_f3530cac._.js:2297
[  848452ms] Error: No link element found for chunk /_next/static/chunks/src_app_globals_91e4631d.css
    at http://localhost:3002/_next/static/chunks/turbopack-_23a915ee._.js:1801:28
    at new Promise (<anonymous>)
    at Object.reloadChunk (http://localhost:3002/_next/static/chunks/turbopack-_23a915ee._.js:1793:20)
    at applyChunkListUpdate (http://localhost:3002/_next/static/chunks/turbopack-_23a915ee._.js:1174:46)
    at applyUpdate (http://localhost:3002/_next/static/chunks/turbopack-_23a915ee._.js:1148:13)
    at handleApply (http://localhost:3002/_next/static/chunks/turbopack-_23a915ee._.js:1368:17)
    at triggerUpdate (http://localhost:3002/_next/static/chunks/%5Bturbopack%5D_browser_dev_hmr-client_hmr-client_ts_c8c997ce._.js:452:9)
    at applyAggregatedUpdates (http://localhost:3002/_next/static/chunks/%5Bturbopack%5D_browser_dev_hmr-client_hmr-client_ts_c8c997ce._.js:98:9)
    at http://localhost:3002/_next/static/chunks/%5Bturbopack%5D_browser_dev_hmr-client_hmr-client_ts_c8c997ce._.js:32:21
    at processTurbopackMessage (http://localhost:3002/_next/static/chunks/node_modules_next_dist_client_17643121._.js:10950:13)
    at processMessage (http://localhost:3002/_next/static/chunks/node_modules_next_dist_client_17643121._.js:11591:17)
    at WebSocket.handleMessage (http://localhost:3002/_next/static/chunks/node_modules_next_dist_client_17643121._.js:10914:52)
